2016-04-03 11:42:45 - Cluster created with settings {hosts=[ds015750.mlab.com:15750], mode=SINGLE, requiredClusterType=UNKNOWN, serverSelectionTimeout='30000 ms', maxWaitQueueSize=500}
2016-04-03 11:42:45 - No server chosen by WritableServerSelector from cluster description ClusterDescription{type=UNKNOWN, connectionMode=SINGLE, all=[ServerDescription{address=ds015750.mlab.com:15750, type=UNKNOWN, state=CONNECTING}]}. Waiting for 30000 ms before timing out
2016-04-03 11:42:47 - Opened connection [connectionId{localValue:1, serverValue:2342}] to ds015750.mlab.com:15750
2016-04-03 11:42:47 - Monitor thread successfully connected to server with description ServerDescription{address=ds015750.mlab.com:15750, type=REPLICA_SET_PRIMARY, state=CONNECTED, ok=true, version=ServerVersion{versionList=[3, 0, 10]}, minWireVersion=0, maxWireVersion=3, electionId=57003dff56538b196c3cde09, maxDocumentSize=16777216, roundTripTimeNanos=82533379, setName='rs-ds015750', canonicalAddress=ds015750-a.mlab.com:15750, hosts=[ds015750-a.mlab.com:15750], passives=[], arbiters=[], primary='ds015750-a.mlab.com:15750', tagSet=TagSet{[]}}
2016-04-03 11:42:47 - Opened connection [connectionId{localValue:2, serverValue:2343}] to ds015750.mlab.com:15750
2016-04-03 11:42:48 - Closed connection [connectionId{localValue:2, serverValue:2343}] to ds015750.mlab.com:15750 because the pool has been closed.
2016-04-03 11:44:23 - Cluster created with settings {hosts=[ds015750.mlab.com:15750], mode=SINGLE, requiredClusterType=UNKNOWN, serverSelectionTimeout='30000 ms', maxWaitQueueSize=500}
2016-04-03 11:44:23 - No server chosen by WritableServerSelector from cluster description ClusterDescription{type=UNKNOWN, connectionMode=SINGLE, all=[ServerDescription{address=ds015750.mlab.com:15750, type=UNKNOWN, state=CONNECTING}]}. Waiting for 30000 ms before timing out
2016-04-03 11:44:24 - Opened connection [connectionId{localValue:1, serverValue:2352}] to ds015750.mlab.com:15750
2016-04-03 11:44:24 - Monitor thread successfully connected to server with description ServerDescription{address=ds015750.mlab.com:15750, type=REPLICA_SET_PRIMARY, state=CONNECTED, ok=true, version=ServerVersion{versionList=[3, 0, 10]}, minWireVersion=0, maxWireVersion=3, electionId=57003dff56538b196c3cde09, maxDocumentSize=16777216, roundTripTimeNanos=83738944, setName='rs-ds015750', canonicalAddress=ds015750-a.mlab.com:15750, hosts=[ds015750-a.mlab.com:15750], passives=[], arbiters=[], primary='ds015750-a.mlab.com:15750', tagSet=TagSet{[]}}
2016-04-03 11:44:25 - Opened connection [connectionId{localValue:2, serverValue:2354}] to ds015750.mlab.com:15750
2016-04-03 11:44:25 - Closed connection [connectionId{localValue:2, serverValue:2354}] to ds015750.mlab.com:15750 because the pool has been closed.
2016-04-03 12:07:03 - Using multi thread/connection supporting pooling connection manager
2016-04-03 12:07:03 - Using default GSON instance
2016-04-03 12:07:03 - Node Discovery disabled...
2016-04-03 12:07:03 - Idle connection reaping disabled...
2016-04-03 12:07:03 - Using multi thread/connection supporting pooling connection manager
2016-04-03 12:07:03 - Using default GSON instance
2016-04-03 12:07:03 - Node Discovery disabled...
2016-04-03 12:07:03 - Idle connection reaping disabled...
2016-04-03 12:07:03 - Using multi thread/connection supporting pooling connection manager
2016-04-03 12:07:03 - Using default GSON instance
2016-04-03 12:07:03 - Node Discovery disabled...
2016-04-03 12:07:03 - Idle connection reaping disabled...
2016-04-03 12:07:03 - Using multi thread/connection supporting pooling connection manager
2016-04-03 12:07:03 - Using default GSON instance
2016-04-03 12:07:03 - Node Discovery disabled...
2016-04-03 12:07:03 - Idle connection reaping disabled...
2016-04-03 12:07:03 - Using multi thread/connection supporting pooling connection manager
2016-04-03 12:07:03 - Using default GSON instance
2016-04-03 12:07:03 - Node Discovery disabled...
2016-04-03 12:07:03 - Idle connection reaping disabled...
2016-04-03 12:07:03 - Using multi thread/connection supporting pooling connection manager
2016-04-03 12:07:03 - Using default GSON instance
2016-04-03 12:07:03 - Node Discovery disabled...
2016-04-03 12:07:03 - Idle connection reaping disabled...
2016-04-03 12:07:03 - Using multi thread/connection supporting pooling connection manager
2016-04-03 12:07:03 - Using default GSON instance
2016-04-03 12:07:03 - Node Discovery disabled...
2016-04-03 12:07:03 - Idle connection reaping disabled...
2016-04-03 12:07:03 - Using multi thread/connection supporting pooling connection manager
2016-04-03 12:07:03 - Using default GSON instance
2016-04-03 12:07:03 - Node Discovery disabled...
2016-04-03 12:07:03 - Idle connection reaping disabled...
2016-04-03 12:07:03 - Using multi thread/connection supporting pooling connection manager
2016-04-03 12:07:03 - Using default GSON instance
2016-04-03 12:07:03 - Node Discovery disabled...
2016-04-03 12:07:03 - Idle connection reaping disabled...
2016-04-03 12:07:04 - Using multi thread/connection supporting pooling connection manager
2016-04-03 12:07:04 - Using default GSON instance
2016-04-03 12:07:04 - Node Discovery disabled...
2016-04-03 12:07:04 - Idle connection reaping disabled...
2016-04-03 12:07:12 - Using multi thread/connection supporting pooling connection manager
2016-04-03 12:07:12 - Using default GSON instance
2016-04-03 12:07:12 - Node Discovery disabled...
2016-04-03 12:07:12 - Idle connection reaping disabled...
2016-04-03 12:07:12 - Using multi thread/connection supporting pooling connection manager
2016-04-03 12:07:12 - Using default GSON instance
2016-04-03 12:07:12 - Node Discovery disabled...
2016-04-03 12:07:12 - Idle connection reaping disabled...
2016-04-03 12:07:12 - Using multi thread/connection supporting pooling connection manager
2016-04-03 12:07:12 - Using default GSON instance
2016-04-03 12:07:12 - Node Discovery disabled...
2016-04-03 12:07:12 - Idle connection reaping disabled...
2016-04-03 12:07:12 - Using multi thread/connection supporting pooling connection manager
2016-04-03 12:07:12 - Using default GSON instance
2016-04-03 12:07:12 - Node Discovery disabled...
2016-04-03 12:07:12 - Idle connection reaping disabled...
2016-04-03 12:07:12 - Using multi thread/connection supporting pooling connection manager
2016-04-03 12:07:12 - Using default GSON instance
2016-04-03 12:07:12 - Node Discovery disabled...
2016-04-03 12:07:12 - Idle connection reaping disabled...
2016-04-03 12:07:12 - Using multi thread/connection supporting pooling connection manager
2016-04-03 12:07:12 - Using default GSON instance
2016-04-03 12:07:12 - Node Discovery disabled...
2016-04-03 12:07:12 - Idle connection reaping disabled...
2016-04-03 12:07:13 - Using multi thread/connection supporting pooling connection manager
2016-04-03 12:07:13 - Using default GSON instance
2016-04-03 12:07:13 - Node Discovery disabled...
2016-04-03 12:07:13 - Idle connection reaping disabled...
2016-04-03 12:07:13 - Using multi thread/connection supporting pooling connection manager
2016-04-03 12:07:13 - Using default GSON instance
2016-04-03 12:07:13 - Node Discovery disabled...
2016-04-03 12:07:13 - Idle connection reaping disabled...
2016-04-03 12:07:13 - Using multi thread/connection supporting pooling connection manager
2016-04-03 12:07:13 - Using default GSON instance
2016-04-03 12:07:13 - Node Discovery disabled...
2016-04-03 12:07:13 - Idle connection reaping disabled...
2016-04-03 12:07:13 - Using multi thread/connection supporting pooling connection manager
2016-04-03 12:07:13 - Using default GSON instance
2016-04-03 12:07:13 - Node Discovery disabled...
2016-04-03 12:07:13 - Idle connection reaping disabled...
2016-04-03 12:07:21 - Using multi thread/connection supporting pooling connection manager
2016-04-03 12:07:21 - Using default GSON instance
2016-04-03 12:07:21 - Node Discovery disabled...
2016-04-03 12:07:21 - Idle connection reaping disabled...
2016-04-03 12:07:21 - Using multi thread/connection supporting pooling connection manager
2016-04-03 12:07:21 - Using default GSON instance
2016-04-03 12:07:21 - Node Discovery disabled...
2016-04-03 12:07:21 - Idle connection reaping disabled...
2016-04-03 12:07:21 - Using multi thread/connection supporting pooling connection manager
2016-04-03 12:07:21 - Using default GSON instance
2016-04-03 12:07:21 - Node Discovery disabled...
2016-04-03 12:07:21 - Idle connection reaping disabled...
2016-04-03 12:07:21 - Using multi thread/connection supporting pooling connection manager
2016-04-03 12:07:21 - Using default GSON instance
2016-04-03 12:07:21 - Node Discovery disabled...
2016-04-03 12:07:21 - Idle connection reaping disabled...
2016-04-03 12:07:21 - Using multi thread/connection supporting pooling connection manager
2016-04-03 12:07:21 - Using default GSON instance
2016-04-03 12:07:21 - Node Discovery disabled...
2016-04-03 12:07:21 - Idle connection reaping disabled...
2016-04-03 12:07:21 - Using multi thread/connection supporting pooling connection manager
2016-04-03 12:07:21 - Using default GSON instance
2016-04-03 12:07:21 - Node Discovery disabled...
2016-04-03 12:07:21 - Idle connection reaping disabled...
2016-04-03 12:07:21 - Using multi thread/connection supporting pooling connection manager
2016-04-03 12:07:21 - Using default GSON instance
2016-04-03 12:07:21 - Node Discovery disabled...
2016-04-03 12:07:21 - Idle connection reaping disabled...
2016-04-03 12:07:22 - Using multi thread/connection supporting pooling connection manager
2016-04-03 12:07:22 - Using default GSON instance
2016-04-03 12:07:22 - Node Discovery disabled...
2016-04-03 12:07:22 - Idle connection reaping disabled...
2016-04-03 12:07:22 - Using multi thread/connection supporting pooling connection manager
2016-04-03 12:07:22 - Using default GSON instance
2016-04-03 12:07:22 - Node Discovery disabled...
2016-04-03 12:07:22 - Idle connection reaping disabled...
2016-04-03 12:07:22 - Using multi thread/connection supporting pooling connection manager
2016-04-03 12:07:22 - Using default GSON instance
2016-04-03 12:07:22 - Node Discovery disabled...
2016-04-03 12:07:22 - Idle connection reaping disabled...
2016-04-03 12:07:29 - Using multi thread/connection supporting pooling connection manager
2016-04-03 12:07:29 - Using default GSON instance
2016-04-03 12:07:29 - Node Discovery disabled...
2016-04-03 12:07:29 - Idle connection reaping disabled...
2016-04-03 12:07:29 - Using multi thread/connection supporting pooling connection manager
2016-04-03 12:07:29 - Using default GSON instance
2016-04-03 12:07:29 - Node Discovery disabled...
2016-04-03 12:07:29 - Idle connection reaping disabled...
2016-04-03 12:07:29 - Using multi thread/connection supporting pooling connection manager
2016-04-03 12:07:29 - Using default GSON instance
2016-04-03 12:07:29 - Node Discovery disabled...
2016-04-03 12:07:29 - Idle connection reaping disabled...
2016-04-03 12:07:29 - Using multi thread/connection supporting pooling connection manager
2016-04-03 12:07:29 - Using default GSON instance
2016-04-03 12:07:29 - Node Discovery disabled...
2016-04-03 12:07:29 - Idle connection reaping disabled...
2016-04-03 12:07:30 - Using multi thread/connection supporting pooling connection manager
2016-04-03 12:07:30 - Using default GSON instance
2016-04-03 12:07:30 - Node Discovery disabled...
2016-04-03 12:07:30 - Idle connection reaping disabled...
2016-04-03 12:07:30 - Using multi thread/connection supporting pooling connection manager
2016-04-03 12:07:30 - Using default GSON instance
2016-04-03 12:07:30 - Node Discovery disabled...
2016-04-03 12:07:30 - Idle connection reaping disabled...
2016-04-03 12:07:30 - Using multi thread/connection supporting pooling connection manager
2016-04-03 12:07:30 - Using default GSON instance
2016-04-03 12:07:30 - Node Discovery disabled...
2016-04-03 12:07:30 - Idle connection reaping disabled...
2016-04-03 12:07:30 - Using multi thread/connection supporting pooling connection manager
2016-04-03 12:07:30 - Using default GSON instance
2016-04-03 12:07:30 - Node Discovery disabled...
2016-04-03 12:07:30 - Idle connection reaping disabled...
2016-04-03 12:07:30 - Using multi thread/connection supporting pooling connection manager
2016-04-03 12:07:30 - Using default GSON instance
2016-04-03 12:07:30 - Node Discovery disabled...
2016-04-03 12:07:30 - Idle connection reaping disabled...
2016-04-03 12:07:30 - Using multi thread/connection supporting pooling connection manager
2016-04-03 12:07:30 - Using default GSON instance
2016-04-03 12:07:30 - Node Discovery disabled...
2016-04-03 12:07:30 - Idle connection reaping disabled...
2016-04-03 12:07:38 - Using multi thread/connection supporting pooling connection manager
2016-04-03 12:07:38 - Using default GSON instance
2016-04-03 12:07:38 - Node Discovery disabled...
2016-04-03 12:07:38 - Idle connection reaping disabled...
2016-04-03 12:07:38 - Using multi thread/connection supporting pooling connection manager
2016-04-03 12:07:38 - Using default GSON instance
2016-04-03 12:07:38 - Node Discovery disabled...
2016-04-03 12:07:38 - Idle connection reaping disabled...
2016-04-03 12:07:38 - Using multi thread/connection supporting pooling connection manager
2016-04-03 12:07:38 - Using default GSON instance
2016-04-03 12:07:38 - Node Discovery disabled...
2016-04-03 12:07:38 - Idle connection reaping disabled...
2016-04-03 12:07:38 - Using multi thread/connection supporting pooling connection manager
2016-04-03 12:07:38 - Using default GSON instance
2016-04-03 12:07:38 - Node Discovery disabled...
2016-04-03 12:07:38 - Idle connection reaping disabled...
2016-04-03 12:07:39 - Using multi thread/connection supporting pooling connection manager
2016-04-03 12:07:39 - Using default GSON instance
2016-04-03 12:07:39 - Node Discovery disabled...
2016-04-03 12:07:39 - Idle connection reaping disabled...
2016-04-03 12:07:39 - Using multi thread/connection supporting pooling connection manager
2016-04-03 12:07:39 - Using default GSON instance
2016-04-03 12:07:39 - Node Discovery disabled...
2016-04-03 12:07:39 - Idle connection reaping disabled...
2016-04-03 12:07:39 - Using multi thread/connection supporting pooling connection manager
2016-04-03 12:07:39 - Using default GSON instance
2016-04-03 12:07:39 - Node Discovery disabled...
2016-04-03 12:07:39 - Idle connection reaping disabled...
2016-04-03 12:07:40 - Using multi thread/connection supporting pooling connection manager
2016-04-03 12:07:40 - Using default GSON instance
2016-04-03 12:07:40 - Node Discovery disabled...
2016-04-03 12:07:40 - Idle connection reaping disabled...
2016-04-03 12:07:40 - Using multi thread/connection supporting pooling connection manager
2016-04-03 12:07:40 - Using default GSON instance
2016-04-03 12:07:40 - Node Discovery disabled...
2016-04-03 12:07:40 - Idle connection reaping disabled...
2016-04-03 12:07:41 - Using multi thread/connection supporting pooling connection manager
2016-04-03 12:07:41 - Using default GSON instance
2016-04-03 12:07:41 - Node Discovery disabled...
2016-04-03 12:07:41 - Idle connection reaping disabled...
2016-04-03 12:07:48 - Using multi thread/connection supporting pooling connection manager
2016-04-03 12:07:48 - Using default GSON instance
2016-04-03 12:07:48 - Node Discovery disabled...
2016-04-03 12:07:48 - Idle connection reaping disabled...
2016-04-03 12:07:48 - Using multi thread/connection supporting pooling connection manager
2016-04-03 12:07:48 - Using default GSON instance
2016-04-03 12:07:48 - Node Discovery disabled...
2016-04-03 12:07:48 - Idle connection reaping disabled...
2016-04-03 12:07:48 - Using multi thread/connection supporting pooling connection manager
2016-04-03 12:07:48 - Using default GSON instance
2016-04-03 12:07:48 - Node Discovery disabled...
2016-04-03 12:07:48 - Idle connection reaping disabled...
2016-04-03 12:07:48 - Using multi thread/connection supporting pooling connection manager
2016-04-03 12:07:48 - Using default GSON instance
2016-04-03 12:07:48 - Node Discovery disabled...
2016-04-03 12:07:48 - Idle connection reaping disabled...
2016-04-03 12:07:48 - Using multi thread/connection supporting pooling connection manager
2016-04-03 12:07:48 - Using default GSON instance
2016-04-03 12:07:48 - Node Discovery disabled...
2016-04-03 12:07:48 - Idle connection reaping disabled...
2016-04-03 12:07:51 - Error indexing restaurants in bulk
java.net.SocketTimeoutException: Read timed out
	at java.net.SocketInputStream.socketRead0(Native Method) ~[na:1.8.0_60]
	at java.net.SocketInputStream.socketRead(SocketInputStream.java:116) ~[na:1.8.0_60]
	at java.net.SocketInputStream.read(SocketInputStream.java:170) ~[na:1.8.0_60]
	at java.net.SocketInputStream.read(SocketInputStream.java:141) ~[na:1.8.0_60]
	at sun.security.ssl.InputRecord.readFully(InputRecord.java:465) ~[na:1.8.0_60]
	at sun.security.ssl.InputRecord.read(InputRecord.java:503) ~[na:1.8.0_60]
	at sun.security.ssl.SSLSocketImpl.readRecord(SSLSocketImpl.java:973) ~[na:1.8.0_60]
	at sun.security.ssl.SSLSocketImpl.readDataRecord(SSLSocketImpl.java:930) ~[na:1.8.0_60]
	at sun.security.ssl.AppInputStream.read(AppInputStream.java:105) ~[na:1.8.0_60]
	at org.apache.http.impl.io.SessionInputBufferImpl.streamRead(SessionInputBufferImpl.java:139) ~[httpcore-4.4.1.jar:4.4.1]
	at org.apache.http.impl.io.SessionInputBufferImpl.fillBuffer(SessionInputBufferImpl.java:155) ~[httpcore-4.4.1.jar:4.4.1]
	at org.apache.http.impl.io.SessionInputBufferImpl.readLine(SessionInputBufferImpl.java:284) ~[httpcore-4.4.1.jar:4.4.1]
	at org.apache.http.impl.conn.DefaultHttpResponseParser.parseHead(DefaultHttpResponseParser.java:140) ~[httpclient-4.5.1.jar:4.5.1]
	at org.apache.http.impl.conn.DefaultHttpResponseParser.parseHead(DefaultHttpResponseParser.java:57) ~[httpclient-4.5.1.jar:4.5.1]
	at org.apache.http.impl.io.AbstractMessageParser.parse(AbstractMessageParser.java:261) ~[httpcore-4.4.1.jar:4.4.1]
	at org.apache.http.impl.DefaultBHttpClientConnection.receiveResponseHeader(DefaultBHttpClientConnection.java:165) ~[httpcore-4.4.1.jar:4.4.1]
	at org.apache.http.impl.conn.CPoolProxy.receiveResponseHeader(CPoolProxy.java:167) ~[httpclient-4.5.1.jar:4.5.1]
	at org.apache.http.protocol.HttpRequestExecutor.doReceiveResponse(HttpRequestExecutor.java:272) ~[httpcore-4.4.1.jar:4.4.1]
	at org.apache.http.protocol.HttpRequestExecutor.execute(HttpRequestExecutor.java:124) ~[httpcore-4.4.1.jar:4.4.1]
	at org.apache.http.impl.execchain.MainClientExec.execute(MainClientExec.java:271) ~[httpclient-4.5.1.jar:4.5.1]
	at org.apache.http.impl.execchain.ProtocolExec.execute(ProtocolExec.java:184) ~[httpclient-4.5.1.jar:4.5.1]
	at org.apache.http.impl.execchain.RetryExec.execute(RetryExec.java:88) ~[httpclient-4.5.1.jar:4.5.1]
	at org.apache.http.impl.execchain.RedirectExec.execute(RedirectExec.java:110) ~[httpclient-4.5.1.jar:4.5.1]
	at org.apache.http.impl.client.InternalHttpClient.doExecute(InternalHttpClient.java:184) ~[httpclient-4.5.1.jar:4.5.1]
	at org.apache.http.impl.client.CloseableHttpClient.execute(CloseableHttpClient.java:82) ~[httpclient-4.5.1.jar:4.5.1]
	at org.apache.http.impl.client.CloseableHttpClient.execute(CloseableHttpClient.java:107) ~[httpclient-4.5.1.jar:4.5.1]
	at io.searchbox.client.http.JestHttpClient.execute(JestHttpClient.java:50) ~[jest-0.1.6.jar:na]
	at com.lightning.data.indexer.RestaurantIndexTask.bulkIndexRestaurantDocument(RestaurantIndexTask.java:196) [classes/:na]
	at com.lightning.data.indexer.RestaurantIndexTask.indexRestaurants(RestaurantIndexTask.java:64) [classes/:na]
	at com.lightning.data.indexer.RestaurantIndexTask.run(RestaurantIndexTask.java:46) [classes/:na]
	at com.lightning.data.indexer.orchetration.WrappedTask.run(WrappedTask.java:26) [classes/:na]
	at java.util.concurrent.Executors$RunnableAdapter.call(Executors.java:511) [na:1.8.0_60]
	at java.util.concurrent.FutureTask.run(FutureTask.java:266) [na:1.8.0_60]
	at java.util.concurrent.ThreadPoolExecutor.runWorker(ThreadPoolExecutor.java:1142) [na:1.8.0_60]
	at java.util.concurrent.ThreadPoolExecutor$Worker.run(ThreadPoolExecutor.java:617) [na:1.8.0_60]
	at java.lang.Thread.run(Thread.java:745) [na:1.8.0_60]
2016-04-03 12:07:52 - Using multi thread/connection supporting pooling connection manager
2016-04-03 12:07:52 - Using default GSON instance
2016-04-03 12:07:52 - Node Discovery disabled...
2016-04-03 12:07:52 - Idle connection reaping disabled...
2016-04-03 12:07:53 - Using multi thread/connection supporting pooling connection manager
2016-04-03 12:07:53 - Using default GSON instance
2016-04-03 12:07:53 - Node Discovery disabled...
2016-04-03 12:07:53 - Idle connection reaping disabled...
2016-04-03 12:07:53 - Using multi thread/connection supporting pooling connection manager
2016-04-03 12:07:53 - Using default GSON instance
2016-04-03 12:07:53 - Node Discovery disabled...
2016-04-03 12:07:53 - Idle connection reaping disabled...
2016-04-03 12:07:53 - Using multi thread/connection supporting pooling connection manager
2016-04-03 12:07:53 - Using default GSON instance
2016-04-03 12:07:53 - Node Discovery disabled...
2016-04-03 12:07:53 - Idle connection reaping disabled...
2016-04-03 12:07:54 - Using multi thread/connection supporting pooling connection manager
2016-04-03 12:07:54 - Using default GSON instance
2016-04-03 12:07:54 - Node Discovery disabled...
2016-04-03 12:07:54 - Idle connection reaping disabled...
2016-04-03 12:07:58 - Using multi thread/connection supporting pooling connection manager
2016-04-03 12:07:58 - Using default GSON instance
2016-04-03 12:07:58 - Node Discovery disabled...
2016-04-03 12:07:58 - Idle connection reaping disabled...
2016-04-03 12:07:58 - Using multi thread/connection supporting pooling connection manager
2016-04-03 12:07:58 - Using default GSON instance
2016-04-03 12:07:58 - Node Discovery disabled...
2016-04-03 12:07:58 - Idle connection reaping disabled...
2016-04-03 12:08:00 - Using multi thread/connection supporting pooling connection manager
2016-04-03 12:08:00 - Using default GSON instance
2016-04-03 12:08:00 - Node Discovery disabled...
2016-04-03 12:08:00 - Idle connection reaping disabled...
2016-04-03 12:08:00 - Using multi thread/connection supporting pooling connection manager
2016-04-03 12:08:00 - Using default GSON instance
2016-04-03 12:08:00 - Node Discovery disabled...
2016-04-03 12:08:00 - Idle connection reaping disabled...
2016-04-03 12:08:01 - Using multi thread/connection supporting pooling connection manager
2016-04-03 12:08:01 - Using default GSON instance
2016-04-03 12:08:01 - Node Discovery disabled...
2016-04-03 12:08:01 - Idle connection reaping disabled...
2016-04-03 12:08:02 - Using multi thread/connection supporting pooling connection manager
2016-04-03 12:08:02 - Using default GSON instance
2016-04-03 12:08:02 - Node Discovery disabled...
2016-04-03 12:08:02 - Idle connection reaping disabled...
2016-04-03 12:08:02 - Using multi thread/connection supporting pooling connection manager
2016-04-03 12:08:02 - Using default GSON instance
2016-04-03 12:08:02 - Node Discovery disabled...
2016-04-03 12:08:02 - Idle connection reaping disabled...
2016-04-03 12:08:02 - Using multi thread/connection supporting pooling connection manager
2016-04-03 12:08:02 - Using default GSON instance
2016-04-03 12:08:02 - Node Discovery disabled...
2016-04-03 12:08:02 - Idle connection reaping disabled...
