2016-04-03 12:07:51 - Error indexing restaurants in bulk
java.net.SocketTimeoutException: Read timed out
	at java.net.SocketInputStream.socketRead0(Native Method) ~[na:1.8.0_60]
	at java.net.SocketInputStream.socketRead(SocketInputStream.java:116) ~[na:1.8.0_60]
	at java.net.SocketInputStream.read(SocketInputStream.java:170) ~[na:1.8.0_60]
	at java.net.SocketInputStream.read(SocketInputStream.java:141) ~[na:1.8.0_60]
	at sun.security.ssl.InputRecord.readFully(InputRecord.java:465) ~[na:1.8.0_60]
	at sun.security.ssl.InputRecord.read(InputRecord.java:503) ~[na:1.8.0_60]
	at sun.security.ssl.SSLSocketImpl.readRecord(SSLSocketImpl.java:973) ~[na:1.8.0_60]
	at sun.security.ssl.SSLSocketImpl.readDataRecord(SSLSocketImpl.java:930) ~[na:1.8.0_60]
	at sun.security.ssl.AppInputStream.read(AppInputStream.java:105) ~[na:1.8.0_60]
	at org.apache.http.impl.io.SessionInputBufferImpl.streamRead(SessionInputBufferImpl.java:139) ~[httpcore-4.4.1.jar:4.4.1]
	at org.apache.http.impl.io.SessionInputBufferImpl.fillBuffer(SessionInputBufferImpl.java:155) ~[httpcore-4.4.1.jar:4.4.1]
	at org.apache.http.impl.io.SessionInputBufferImpl.readLine(SessionInputBufferImpl.java:284) ~[httpcore-4.4.1.jar:4.4.1]
	at org.apache.http.impl.conn.DefaultHttpResponseParser.parseHead(DefaultHttpResponseParser.java:140) ~[httpclient-4.5.1.jar:4.5.1]
	at org.apache.http.impl.conn.DefaultHttpResponseParser.parseHead(DefaultHttpResponseParser.java:57) ~[httpclient-4.5.1.jar:4.5.1]
	at org.apache.http.impl.io.AbstractMessageParser.parse(AbstractMessageParser.java:261) ~[httpcore-4.4.1.jar:4.4.1]
	at org.apache.http.impl.DefaultBHttpClientConnection.receiveResponseHeader(DefaultBHttpClientConnection.java:165) ~[httpcore-4.4.1.jar:4.4.1]
	at org.apache.http.impl.conn.CPoolProxy.receiveResponseHeader(CPoolProxy.java:167) ~[httpclient-4.5.1.jar:4.5.1]
	at org.apache.http.protocol.HttpRequestExecutor.doReceiveResponse(HttpRequestExecutor.java:272) ~[httpcore-4.4.1.jar:4.4.1]
	at org.apache.http.protocol.HttpRequestExecutor.execute(HttpRequestExecutor.java:124) ~[httpcore-4.4.1.jar:4.4.1]
	at org.apache.http.impl.execchain.MainClientExec.execute(MainClientExec.java:271) ~[httpclient-4.5.1.jar:4.5.1]
	at org.apache.http.impl.execchain.ProtocolExec.execute(ProtocolExec.java:184) ~[httpclient-4.5.1.jar:4.5.1]
	at org.apache.http.impl.execchain.RetryExec.execute(RetryExec.java:88) ~[httpclient-4.5.1.jar:4.5.1]
	at org.apache.http.impl.execchain.RedirectExec.execute(RedirectExec.java:110) ~[httpclient-4.5.1.jar:4.5.1]
	at org.apache.http.impl.client.InternalHttpClient.doExecute(InternalHttpClient.java:184) ~[httpclient-4.5.1.jar:4.5.1]
	at org.apache.http.impl.client.CloseableHttpClient.execute(CloseableHttpClient.java:82) ~[httpclient-4.5.1.jar:4.5.1]
	at org.apache.http.impl.client.CloseableHttpClient.execute(CloseableHttpClient.java:107) ~[httpclient-4.5.1.jar:4.5.1]
	at io.searchbox.client.http.JestHttpClient.execute(JestHttpClient.java:50) ~[jest-0.1.6.jar:na]
	at com.lightning.data.indexer.RestaurantIndexTask.bulkIndexRestaurantDocument(RestaurantIndexTask.java:196) [classes/:na]
	at com.lightning.data.indexer.RestaurantIndexTask.indexRestaurants(RestaurantIndexTask.java:64) [classes/:na]
	at com.lightning.data.indexer.RestaurantIndexTask.run(RestaurantIndexTask.java:46) [classes/:na]
	at com.lightning.data.indexer.orchetration.WrappedTask.run(WrappedTask.java:26) [classes/:na]
	at java.util.concurrent.Executors$RunnableAdapter.call(Executors.java:511) [na:1.8.0_60]
	at java.util.concurrent.FutureTask.run(FutureTask.java:266) [na:1.8.0_60]
	at java.util.concurrent.ThreadPoolExecutor.runWorker(ThreadPoolExecutor.java:1142) [na:1.8.0_60]
	at java.util.concurrent.ThreadPoolExecutor$Worker.run(ThreadPoolExecutor.java:617) [na:1.8.0_60]
	at java.lang.Thread.run(Thread.java:745) [na:1.8.0_60]
